0 info it worked if it ends with ok
1 verbose cli [ 'C:\\Program Files\\nodejs\\node.exe',
1 verbose cli   'C:\\Users\\Family\\AppData\\Roaming\\npm\\node_modules\\npm\\bin\\npm-cli.js',
1 verbose cli   'start',
1 verbose cli   '4000' ]
2 info using npm@4.0.5
3 info using node@v10.0.0
4 verbose run-script [ 'prestart', 'start', 'poststart' ]
5 info lifecycle reactredux@1.0.0~prestart: reactredux@1.0.0
6 silly lifecycle reactredux@1.0.0~prestart: no script for prestart, continuing
7 info lifecycle reactredux@1.0.0~start: reactredux@1.0.0
8 verbose lifecycle reactredux@1.0.0~start: unsafe-perm in lifecycle true
9 verbose lifecycle reactredux@1.0.0~start: PATH: C:\Users\Family\AppData\Roaming\npm\node_modules\npm\bin\node-gyp-bin;C:\Code\reactredux\node_modules\.bin;C:\Program Files (x86)\Intel\iCLS Client\;C:\Program Files\Intel\iCLS Client\;C:\Windows\system32;C:\Windows;C:\Windows\System32\Wbem;C:\Windows\System32\WindowsPowerShell\v1.0\;C:\Program Files (x86)\NVIDIA Corporation\PhysX\Common;C:\Program Files (x86)\Intel\Intel(R) Management Engine Components\DAL;C:\Program Files\Intel\Intel(R) Management Engine Components\DAL;C:\Program Files (x86)\Intel\Intel(R) Management Engine Components\IPT;C:\Program Files\Intel\Intel(R) Management Engine Components\IPT;C:\Program Files (x86)\Windows Kits\10\Windows Performance Toolkit\;C:\WINDOWS\system32;C:\WINDOWS;C:\WINDOWS\System32\Wbem;C:\WINDOWS\System32\WindowsPowerShell\v1.0\;C:\Program Files\Microsoft SQL Server\130\Tools\Binn\;C:\Program Files\Intel\WiFi\bin\;C:\Program Files\Common Files\Intel\WirelessCommon\;C:\Program Files\dotnet\;C:\Program Files\Microsoft SQL Server\Client SDK\ODBC\130\Tools\Binn\;C:\Program Files (x86)\Microsoft SQL Server\130\Tools\Binn\;C:\Program Files\Microsoft SQL Server\130\DTS\Binn\;C:\Program Files (x86)\Microsoft SQL Server\Client SDK\ODBC\130\Tools\Binn\;C:\Program Files (x86)\Microsoft SQL Server\140\Tools\Binn\;C:\Program Files (x86)\Microsoft SQL Server\140\DTS\Binn\;C:\Program Files (x86)\Microsoft SQL Server\140\Tools\Binn\ManagementStudio\;C:\Program Files\Git\cmd;C:\Program Files\nodejs\;C:\WINDOWS\System32\OpenSSH\;;C:\Users\Family\AppData\Local\Microsoft\WindowsApps;C:\Program Files\Microsoft VS Code\bin;C:\Users\Family\AppData\Roaming\npm
10 verbose lifecycle reactredux@1.0.0~start: CWD: C:\Code\reactredux
11 silly lifecycle reactredux@1.0.0~start: Args: [ '/d /s /c',
11 silly lifecycle   'webpack-dev-server --hotOnly --mode=development "4000"' ]
12 silly lifecycle reactredux@1.0.0~start: Returned: code: 1  signal: null
13 info lifecycle reactredux@1.0.0~start: Failed to exec start script
14 verbose stack Error: reactredux@1.0.0 start: `webpack-dev-server --hotOnly --mode=development "4000"`
14 verbose stack Exit status 1
14 verbose stack     at EventEmitter.<anonymous> (C:\Users\Family\AppData\Roaming\npm\node_modules\npm\lib\utils\lifecycle.js:279:16)
14 verbose stack     at EventEmitter.emit (events.js:182:13)
14 verbose stack     at ChildProcess.<anonymous> (C:\Users\Family\AppData\Roaming\npm\node_modules\npm\lib\utils\spawn.js:40:14)
14 verbose stack     at ChildProcess.emit (events.js:182:13)
14 verbose stack     at maybeClose (internal/child_process.js:947:16)
14 verbose stack     at Process.ChildProcess._handle.onexit (internal/child_process.js:236:5)
15 verbose pkgid reactredux@1.0.0
16 verbose cwd C:\Code\reactredux
17 error Windows_NT 10.0.17134
18 error argv "C:\\Program Files\\nodejs\\node.exe" "C:\\Users\\Family\\AppData\\Roaming\\npm\\node_modules\\npm\\bin\\npm-cli.js" "start" "4000"
19 error node v10.0.0
20 error npm  v4.0.5
21 error code ELIFECYCLE
22 error reactredux@1.0.0 start: `webpack-dev-server --hotOnly --mode=development "4000"`
22 error Exit status 1
23 error Failed at the reactredux@1.0.0 start script 'webpack-dev-server --hotOnly --mode=development "4000"'.
23 error Make sure you have the latest version of node.js and npm installed.
23 error If you do, this is most likely a problem with the reactredux package,
23 error not with npm itself.
23 error Tell the author that this fails on your system:
23 error     webpack-dev-server --hotOnly --mode=development "4000"
23 error You can get information on how to open an issue for this project with:
23 error     npm bugs reactredux
23 error Or if that isn't available, you can get their info via:
23 error     npm owner ls reactredux
23 error There is likely additional logging output above.
24 verbose exit [ 1, true ]
